2024-02-15T17:07:16.623-03:00  INFO 9456 --- [student-ms] [restartedMain] com.jdev.student.StudentApplication      : Starting StudentApplication using Java 17.0.8 with PID 9456 (C:\repository\faculdade-EAD\server\student\target\classes started by Mecanografia ADM in C:\repository\faculdade-EAD\server\student)
2024-02-15T17:07:16.669-03:00  INFO 9456 --- [student-ms] [restartedMain] com.jdev.student.StudentApplication      : No active profile set, falling back to 1 default profile: "default"
2024-02-15T17:07:17.282-03:00  INFO 9456 --- [student-ms] [restartedMain] .e.DevToolsPropertyDefaultsPostProcessor : Devtools property defaults active! Set 'spring.devtools.add-properties' to 'false' to disable
2024-02-15T17:07:17.283-03:00  INFO 9456 --- [student-ms] [restartedMain] .e.DevToolsPropertyDefaultsPostProcessor : For additional web related logging consider setting the 'logging.level.web' property to 'DEBUG'
2024-02-15T17:07:21.643-03:00  INFO 9456 --- [student-ms] [restartedMain] .s.d.r.c.RepositoryConfigurationDelegate : Bootstrapping Spring Data JPA repositories in DEFAULT mode.
2024-02-15T17:07:22.244-03:00  INFO 9456 --- [student-ms] [restartedMain] .s.d.r.c.RepositoryConfigurationDelegate : Finished Spring Data repository scanning in 573 ms. Found 5 JPA repository interfaces.
2024-02-15T17:07:23.568-03:00  INFO 9456 --- [student-ms] [restartedMain] o.s.cloud.context.scope.GenericScope     : BeanFactory id=10fd6673-f28c-3e91-bd23-0af414459a7f
2024-02-15T17:07:24.661-03:00  WARN 9456 --- [student-ms] [restartedMain] trationDelegate$BeanPostProcessorChecker : Bean 'org.springframework.cloud.client.loadbalancer.LoadBalancerAutoConfiguration$LoadBalancerInterceptorConfig' of type [org.springframework.cloud.client.loadbalancer.LoadBalancerAutoConfiguration$LoadBalancerInterceptorConfig] is not eligible for getting processed by all BeanPostProcessors (for example: not eligible for auto-proxying). The currently created BeanPostProcessor [lbRestClientPostProcessor] is declared through a non-static factory method on that class; consider declaring it as static instead.
2024-02-15T17:07:24.745-03:00  WARN 9456 --- [student-ms] [restartedMain] trationDelegate$BeanPostProcessorChecker : Bean 'org.springframework.cloud.loadbalancer.config.BlockingLoadBalancerClientAutoConfiguration' of type [org.springframework.cloud.loadbalancer.config.BlockingLoadBalancerClientAutoConfiguration] is not eligible for getting processed by all BeanPostProcessors (for example: not eligible for auto-proxying). Is this bean getting eagerly injected into a currently created BeanPostProcessor [lbRestClientPostProcessor]? Check the corresponding BeanPostProcessor declaration and its dependencies.
2024-02-15T17:07:24.757-03:00  WARN 9456 --- [student-ms] [restartedMain] trationDelegate$BeanPostProcessorChecker : Bean 'org.springframework.cloud.loadbalancer.config.LoadBalancerAutoConfiguration' of type [org.springframework.cloud.loadbalancer.config.LoadBalancerAutoConfiguration] is not eligible for getting processed by all BeanPostProcessors (for example: not eligible for auto-proxying). Is this bean getting eagerly injected into a currently created BeanPostProcessor [lbRestClientPostProcessor]? Check the corresponding BeanPostProcessor declaration and its dependencies.
2024-02-15T17:07:24.820-03:00  WARN 9456 --- [student-ms] [restartedMain] trationDelegate$BeanPostProcessorChecker : Bean 'org.springframework.cloud.commons.config.CommonsConfigAutoConfiguration' of type [org.springframework.cloud.commons.config.CommonsConfigAutoConfiguration] is not eligible for getting processed by all BeanPostProcessors (for example: not eligible for auto-proxying). Is this bean getting eagerly injected into a currently created BeanPostProcessor [lbRestClientPostProcessor]? Check the corresponding BeanPostProcessor declaration and its dependencies.
2024-02-15T17:07:24.826-03:00  WARN 9456 --- [student-ms] [restartedMain] trationDelegate$BeanPostProcessorChecker : Bean 'org.springframework.cloud.client.loadbalancer.LoadBalancerDefaultMappingsProviderAutoConfiguration' of type [org.springframework.cloud.client.loadbalancer.LoadBalancerDefaultMappingsProviderAutoConfiguration] is not eligible for getting processed by all BeanPostProcessors (for example: not eligible for auto-proxying). Is this bean getting eagerly injected into a currently created BeanPostProcessor [lbRestClientPostProcessor]? Check the corresponding BeanPostProcessor declaration and its dependencies.
2024-02-15T17:07:24.828-03:00  WARN 9456 --- [student-ms] [restartedMain] trationDelegate$BeanPostProcessorChecker : Bean 'loadBalancerClientsDefaultsMappingsProvider' of type [org.springframework.cloud.client.loadbalancer.LoadBalancerDefaultMappingsProviderAutoConfiguration$$Lambda$626/0x0000026c16436780] is not eligible for getting processed by all BeanPostProcessors (for example: not eligible for auto-proxying). Is this bean getting eagerly injected into a currently created BeanPostProcessor [lbRestClientPostProcessor]? Check the corresponding BeanPostProcessor declaration and its dependencies.
2024-02-15T17:07:24.835-03:00  WARN 9456 --- [student-ms] [restartedMain] trationDelegate$BeanPostProcessorChecker : Bean 'defaultsBindHandlerAdvisor' of type [org.springframework.cloud.commons.config.DefaultsBindHandlerAdvisor] is not eligible for getting processed by all BeanPostProcessors (for example: not eligible for auto-proxying). Is this bean getting eagerly injected into a currently created BeanPostProcessor [lbRestClientPostProcessor]? Check the corresponding BeanPostProcessor declaration and its dependencies.
2024-02-15T17:07:25.008-03:00  WARN 9456 --- [student-ms] [restartedMain] trationDelegate$BeanPostProcessorChecker : Bean 'spring.cloud.loadbalancer-org.springframework.cloud.client.loadbalancer.LoadBalancerClientsProperties' of type [org.springframework.cloud.client.loadbalancer.LoadBalancerClientsProperties] is not eligible for getting processed by all BeanPostProcessors (for example: not eligible for auto-proxying). Is this bean getting eagerly injected into a currently created BeanPostProcessor [lbRestClientPostProcessor]? Check the corresponding BeanPostProcessor declaration and its dependencies.
2024-02-15T17:07:25.021-03:00  WARN 9456 --- [student-ms] [restartedMain] trationDelegate$BeanPostProcessorChecker : Bean 'default.org.springframework.cloud.loadbalancer.config.LoadBalancerAutoConfiguration.LoadBalancerClientSpecification' of type [org.springframework.cloud.loadbalancer.annotation.LoadBalancerClientSpecification] is not eligible for getting processed by all BeanPostProcessors (for example: not eligible for auto-proxying). Is this bean getting eagerly injected into a currently created BeanPostProcessor [lbRestClientPostProcessor]? Check the corresponding BeanPostProcessor declaration and its dependencies.
2024-02-15T17:07:25.023-03:00  WARN 9456 --- [student-ms] [restartedMain] trationDelegate$BeanPostProcessorChecker : Bean 'default.org.springframework.cloud.loadbalancer.config.BlockingLoadBalancerClientAutoConfiguration.LoadBalancerClientSpecification' of type [org.springframework.cloud.loadbalancer.annotation.LoadBalancerClientSpecification] is not eligible for getting processed by all BeanPostProcessors (for example: not eligible for auto-proxying). Is this bean getting eagerly injected into a currently created BeanPostProcessor [lbRestClientPostProcessor]? Check the corresponding BeanPostProcessor declaration and its dependencies.
2024-02-15T17:07:25.024-03:00  WARN 9456 --- [student-ms] [restartedMain] trationDelegate$BeanPostProcessorChecker : Bean 'default.org.springframework.cloud.netflix.eureka.loadbalancer.LoadBalancerEurekaAutoConfiguration.LoadBalancerClientSpecification' of type [org.springframework.cloud.loadbalancer.annotation.LoadBalancerClientSpecification] is not eligible for getting processed by all BeanPostProcessors (for example: not eligible for auto-proxying). Is this bean getting eagerly injected into a currently created BeanPostProcessor [lbRestClientPostProcessor]? Check the corresponding BeanPostProcessor declaration and its dependencies.
2024-02-15T17:07:25.026-03:00  WARN 9456 --- [student-ms] [restartedMain] trationDelegate$BeanPostProcessorChecker : Bean 'loadBalancerClientFactory' of type [org.springframework.cloud.loadbalancer.support.LoadBalancerClientFactory] is not eligible for getting processed by all BeanPostProcessors (for example: not eligible for auto-proxying). Is this bean getting eagerly injected into a currently created BeanPostProcessor [lbRestClientPostProcessor]? Check the corresponding BeanPostProcessor declaration and its dependencies.
2024-02-15T17:07:25.036-03:00  WARN 9456 --- [student-ms] [restartedMain] trationDelegate$BeanPostProcessorChecker : Bean 'blockingLoadBalancerClient' of type [org.springframework.cloud.loadbalancer.blocking.client.BlockingLoadBalancerClient] is not eligible for getting processed by all BeanPostProcessors (for example: not eligible for auto-proxying). Is this bean getting eagerly injected into a currently created BeanPostProcessor [lbRestClientPostProcessor]? Check the corresponding BeanPostProcessor declaration and its dependencies.
2024-02-15T17:07:25.205-03:00  WARN 9456 --- [student-ms] [restartedMain] trationDelegate$BeanPostProcessorChecker : Bean 'loadBalancerServiceInstanceCookieTransformer' of type [org.springframework.cloud.loadbalancer.core.LoadBalancerServiceInstanceCookieTransformer] is not eligible for getting processed by all BeanPostProcessors (for example: not eligible for auto-proxying). Is this bean getting eagerly injected into a currently created BeanPostProcessor [lbRestClientPostProcessor]? Check the corresponding BeanPostProcessor declaration and its dependencies.
2024-02-15T17:07:25.340-03:00  WARN 9456 --- [student-ms] [restartedMain] trationDelegate$BeanPostProcessorChecker : Bean 'xForwarderHeadersTransformer' of type [org.springframework.cloud.loadbalancer.blocking.XForwardedHeadersTransformer] is not eligible for getting processed by all BeanPostProcessors (for example: not eligible for auto-proxying). Is this bean getting eagerly injected into a currently created BeanPostProcessor [lbRestClientPostProcessor]? Check the corresponding BeanPostProcessor declaration and its dependencies.
2024-02-15T17:07:25.341-03:00  WARN 9456 --- [student-ms] [restartedMain] trationDelegate$BeanPostProcessorChecker : Bean 'org.springframework.cloud.client.loadbalancer.LoadBalancerAutoConfiguration' of type [org.springframework.cloud.client.loadbalancer.LoadBalancerAutoConfiguration] is not eligible for getting processed by all BeanPostProcessors (for example: not eligible for auto-proxying). Is this bean getting eagerly injected into a currently created BeanPostProcessor [lbRestClientPostProcessor]? Check the corresponding BeanPostProcessor declaration and its dependencies.
2024-02-15T17:07:25.345-03:00  WARN 9456 --- [student-ms] [restartedMain] trationDelegate$BeanPostProcessorChecker : Bean 'loadBalancerRequestFactory' of type [org.springframework.cloud.client.loadbalancer.LoadBalancerRequestFactory] is not eligible for getting processed by all BeanPostProcessors (for example: not eligible for auto-proxying). Is this bean getting eagerly injected into a currently created BeanPostProcessor [lbRestClientPostProcessor]? Check the corresponding BeanPostProcessor declaration and its dependencies.
2024-02-15T17:07:25.367-03:00  WARN 9456 --- [student-ms] [restartedMain] trationDelegate$BeanPostProcessorChecker : Bean 'loadBalancerInterceptor' of type [org.springframework.cloud.client.loadbalancer.LoadBalancerInterceptor] is not eligible for getting processed by all BeanPostProcessors (for example: not eligible for auto-proxying). Is this bean getting eagerly injected into a currently created BeanPostProcessor [lbRestClientPostProcessor]? Check the corresponding BeanPostProcessor declaration and its dependencies.
2024-02-15T17:07:27.577-03:00  INFO 9456 --- [student-ms] [restartedMain] o.s.b.w.embedded.tomcat.TomcatWebServer  : Tomcat initialized with port 0 (http)
2024-02-15T17:07:27.614-03:00  INFO 9456 --- [student-ms] [restartedMain] o.apache.catalina.core.StandardService   : Starting service [Tomcat]
2024-02-15T17:07:27.615-03:00  INFO 9456 --- [student-ms] [restartedMain] o.apache.catalina.core.StandardEngine    : Starting Servlet engine: [Apache Tomcat/10.1.18]
2024-02-15T17:07:27.997-03:00  INFO 9456 --- [student-ms] [restartedMain] o.a.c.c.C.[Tomcat].[localhost].[/]       : Initializing Spring embedded WebApplicationContext
2024-02-15T17:07:28.002-03:00  INFO 9456 --- [student-ms] [restartedMain] w.s.c.ServletWebServerApplicationContext : Root WebApplicationContext: initialization completed in 10714 ms
2024-02-15T17:07:28.304-03:00  INFO 9456 --- [student-ms] [restartedMain] com.zaxxer.hikari.HikariDataSource       : HikariPool-1 - Starting...
2024-02-15T17:07:30.214-03:00  INFO 9456 --- [student-ms] [restartedMain] com.zaxxer.hikari.pool.HikariPool        : HikariPool-1 - Added connection conn0: url=jdbc:h2:mem:c0faf09f-999b-4ae2-bf91-7adc384dd054 user=SA
2024-02-15T17:07:30.216-03:00  INFO 9456 --- [student-ms] [restartedMain] com.zaxxer.hikari.HikariDataSource       : HikariPool-1 - Start completed.
2024-02-15T17:07:30.245-03:00  INFO 9456 --- [student-ms] [restartedMain] o.s.b.a.h2.H2ConsoleAutoConfiguration    : H2 console available at '/h2-console'. Database available at 'jdbc:h2:mem:c0faf09f-999b-4ae2-bf91-7adc384dd054'
2024-02-15T17:07:32.416-03:00  INFO 9456 --- [student-ms] [restartedMain] o.hibernate.jpa.internal.util.LogHelper  : HHH000204: Processing PersistenceUnitInfo [name: default]
2024-02-15T17:07:32.600-03:00  INFO 9456 --- [student-ms] [restartedMain] org.hibernate.Version                    : HHH000412: Hibernate ORM core version 6.4.1.Final
2024-02-15T17:07:32.726-03:00  INFO 9456 --- [student-ms] [restartedMain] o.h.c.internal.RegionFactoryInitiator    : HHH000026: Second-level cache disabled
2024-02-15T17:07:33.447-03:00  INFO 9456 --- [student-ms] [restartedMain] o.s.o.j.p.SpringPersistenceUnitInfo      : No LoadTimeWeaver setup: ignoring JPA class transformer
2024-02-15T17:07:38.549-03:00  INFO 9456 --- [student-ms] [restartedMain] o.h.e.t.j.p.i.JtaPlatformInitiator       : HHH000489: No JTA platform available (set 'hibernate.transaction.jta.platform' to enable JTA platform integration)
2024-02-15T17:07:38.704-03:00  INFO 9456 --- [student-ms] [restartedMain] j.LocalContainerEntityManagerFactoryBean : Initialized JPA EntityManagerFactory for persistence unit 'default'
2024-02-15T17:07:41.778-03:00  WARN 9456 --- [student-ms] [restartedMain] JpaBaseConfiguration$JpaWebConfiguration : spring.jpa.open-in-view is enabled by default. Therefore, database queries may be performed during view rendering. Explicitly configure spring.jpa.open-in-view to disable this warning
2024-02-15T17:07:44.556-03:00  INFO 9456 --- [student-ms] [restartedMain] o.s.b.d.a.OptionalLiveReloadServer       : LiveReload server is running on port 35729
2024-02-15T17:07:44.875-03:00  INFO 9456 --- [student-ms] [restartedMain] DiscoveryClientOptionalArgsConfiguration : Eureka HTTP Client uses RestTemplate.
2024-02-15T17:07:45.240-03:00  WARN 9456 --- [student-ms] [restartedMain] iguration$LoadBalancerCaffeineWarnLogger : Spring Cloud LoadBalancer is currently working with the default cache. While this cache implementation is useful for development and tests, it's recommended to use Caffeine cache in production.You can switch to using Caffeine cache, by adding it and org.springframework.cache.caffeine.CaffeineCacheManager to the classpath.
2024-02-15T17:07:45.558-03:00  INFO 9456 --- [student-ms] [restartedMain] o.s.b.w.embedded.tomcat.TomcatWebServer  : Tomcat started on port 50439 (http) with context path ''
2024-02-15T17:07:45.563-03:00  INFO 9456 --- [student-ms] [restartedMain] .s.c.n.e.s.EurekaAutoServiceRegistration : Updating port to 50439
2024-02-15T17:07:45.573-03:00  INFO 9456 --- [student-ms] [restartedMain] o.s.c.n.eureka.InstanceInfoFactory       : Setting initial instance status as: STARTING
2024-02-15T17:07:45.775-03:00  INFO 9456 --- [student-ms] [restartedMain] com.netflix.discovery.DiscoveryClient    : Initializing Eureka in region us-east-1
2024-02-15T17:07:45.810-03:00  INFO 9456 --- [student-ms] [restartedMain] c.n.d.s.r.aws.ConfigClusterResolver      : Resolving eureka endpoints via configuration
2024-02-15T17:07:45.981-03:00  INFO 9456 --- [student-ms] [restartedMain] com.netflix.discovery.DiscoveryClient    : Disable delta property : false
2024-02-15T17:07:45.983-03:00  INFO 9456 --- [student-ms] [restartedMain] com.netflix.discovery.DiscoveryClient    : Single vip registry refresh property : null
2024-02-15T17:07:45.983-03:00  INFO 9456 --- [student-ms] [restartedMain] com.netflix.discovery.DiscoveryClient    : Force full registry fetch : false
2024-02-15T17:07:45.983-03:00  INFO 9456 --- [student-ms] [restartedMain] com.netflix.discovery.DiscoveryClient    : Application is null : false
2024-02-15T17:07:45.983-03:00  INFO 9456 --- [student-ms] [restartedMain] com.netflix.discovery.DiscoveryClient    : Registered Applications size is zero : true
2024-02-15T17:07:45.983-03:00  INFO 9456 --- [student-ms] [restartedMain] com.netflix.discovery.DiscoveryClient    : Application version is -1: true
2024-02-15T17:07:45.983-03:00  INFO 9456 --- [student-ms] [restartedMain] com.netflix.discovery.DiscoveryClient    : Getting all instance registry info from the eureka server
2024-02-15T17:07:48.478-03:00  INFO 9456 --- [student-ms] [restartedMain] com.netflix.discovery.DiscoveryClient    : The response status is 200
2024-02-15T17:07:48.486-03:00  INFO 9456 --- [student-ms] [restartedMain] com.netflix.discovery.DiscoveryClient    : Starting heartbeat executor: renew interval is: 30
2024-02-15T17:07:48.491-03:00  INFO 9456 --- [student-ms] [restartedMain] c.n.discovery.InstanceInfoReplicator     : InstanceInfoReplicator onDemand update allowed rate per min is 4
2024-02-15T17:07:48.504-03:00  INFO 9456 --- [student-ms] [restartedMain] com.netflix.discovery.DiscoveryClient    : Discovery Client initialized at timestamp 1708027668502 with initial instances count: 0
2024-02-15T17:07:48.508-03:00  INFO 9456 --- [student-ms] [restartedMain] o.s.c.n.e.s.EurekaServiceRegistry        : Registering application STUDENT-MS with eureka with status UP
2024-02-15T17:07:48.510-03:00  INFO 9456 --- [student-ms] [restartedMain] com.netflix.discovery.DiscoveryClient    : Saw local status change event StatusChangeEvent [timestamp=1708027668510, current=UP, previous=STARTING]
2024-02-15T17:07:48.513-03:00  INFO 9456 --- [student-ms] [DiscoveryClient-InstanceInfoReplicator-0] com.netflix.discovery.DiscoveryClient    : DiscoveryClient_STUDENT-MS/DESKTOP-SOUB7FH:student-ms:0: registering service...
2024-02-15T17:07:49.076-03:00  INFO 9456 --- [student-ms] [restartedMain] com.jdev.student.StudentApplication      : Started StudentApplication in 34.525 seconds (process running for 36.657)
2024-02-15T17:07:49.275-03:00  INFO 9456 --- [student-ms] [DiscoveryClient-InstanceInfoReplicator-0] com.netflix.discovery.DiscoveryClient    : DiscoveryClient_STUDENT-MS/DESKTOP-SOUB7FH:student-ms:0 - registration status: 204
2024-02-15T17:08:18.846-03:00  INFO 9456 --- [student-ms] [DiscoveryClient-CacheRefreshExecutor-0] com.netflix.discovery.DiscoveryClient    : Disable delta property : false
2024-02-15T17:08:18.846-03:00  INFO 9456 --- [student-ms] [DiscoveryClient-CacheRefreshExecutor-0] com.netflix.discovery.DiscoveryClient    : Single vip registry refresh property : null
2024-02-15T17:08:18.847-03:00  INFO 9456 --- [student-ms] [DiscoveryClient-CacheRefreshExecutor-0] com.netflix.discovery.DiscoveryClient    : Force full registry fetch : false
2024-02-15T17:08:18.848-03:00  INFO 9456 --- [student-ms] [DiscoveryClient-CacheRefreshExecutor-0] com.netflix.discovery.DiscoveryClient    : Application is null : false
2024-02-15T17:08:18.848-03:00  INFO 9456 --- [student-ms] [DiscoveryClient-CacheRefreshExecutor-0] com.netflix.discovery.DiscoveryClient    : Registered Applications size is zero : true
2024-02-15T17:08:18.848-03:00  INFO 9456 --- [student-ms] [DiscoveryClient-CacheRefreshExecutor-0] com.netflix.discovery.DiscoveryClient    : Application version is -1: false
2024-02-15T17:08:18.849-03:00  INFO 9456 --- [student-ms] [DiscoveryClient-CacheRefreshExecutor-0] com.netflix.discovery.DiscoveryClient    : Getting all instance registry info from the eureka server
2024-02-15T17:08:19.527-03:00  INFO 9456 --- [student-ms] [DiscoveryClient-CacheRefreshExecutor-0] com.netflix.discovery.DiscoveryClient    : The response status is 200
2024-02-15T17:08:44.147-03:00  INFO 9456 --- [student-ms] [http-nio-auto-1-exec-2] o.a.c.c.C.[Tomcat].[localhost].[/]       : Initializing Spring DispatcherServlet 'dispatcherServlet'
2024-02-15T17:08:44.148-03:00  INFO 9456 --- [student-ms] [http-nio-auto-1-exec-2] o.s.web.servlet.DispatcherServlet        : Initializing Servlet 'dispatcherServlet'
2024-02-15T17:08:44.151-03:00  INFO 9456 --- [student-ms] [http-nio-auto-1-exec-2] o.s.web.servlet.DispatcherServlet        : Completed initialization in 2 ms
2024-02-15T17:09:58.238-03:00  INFO 9456 --- [student-ms] [SpringApplicationShutdownHook] o.s.c.n.e.s.EurekaServiceRegistry        : Unregistering application STUDENT-MS with eureka with status DOWN
2024-02-15T17:09:58.239-03:00  INFO 9456 --- [student-ms] [SpringApplicationShutdownHook] com.netflix.discovery.DiscoveryClient    : Saw local status change event StatusChangeEvent [timestamp=1708027798239, current=DOWN, previous=UP]
2024-02-15T17:09:58.240-03:00  INFO 9456 --- [student-ms] [DiscoveryClient-InstanceInfoReplicator-0] com.netflix.discovery.DiscoveryClient    : DiscoveryClient_STUDENT-MS/DESKTOP-SOUB7FH:student-ms:0: registering service...
2024-02-15T17:09:58.301-03:00  INFO 9456 --- [student-ms] [SpringApplicationShutdownHook] j.LocalContainerEntityManagerFactoryBean : Closing JPA EntityManagerFactory for persistence unit 'default'
2024-02-15T17:09:58.327-03:00  WARN 9456 --- [student-ms] [SpringApplicationShutdownHook] o.s.b.f.support.DisposableBeanAdapter    : Invocation of destroy method failed on bean with name 'inMemoryDatabaseShutdownExecutor': org.h2.jdbc.JdbcSQLNonTransientConnectionException: Database is already closed (to disable automatic closing at VM shutdown, add ";DB_CLOSE_ON_EXIT=FALSE" to the db URL) [90121-224]
2024-02-15T17:09:58.330-03:00  INFO 9456 --- [student-ms] [SpringApplicationShutdownHook] com.zaxxer.hikari.HikariDataSource       : HikariPool-1 - Shutdown initiated...
2024-02-15T17:09:58.334-03:00  INFO 9456 --- [student-ms] [SpringApplicationShutdownHook] com.zaxxer.hikari.HikariDataSource       : HikariPool-1 - Shutdown completed.
2024-02-15T17:09:58.335-03:00  INFO 9456 --- [student-ms] [SpringApplicationShutdownHook] com.netflix.discovery.DiscoveryClient    : Shutting down DiscoveryClient ...
2024-02-15T17:09:58.537-03:00  INFO 9456 --- [student-ms] [DiscoveryClient-InstanceInfoReplicator-0] com.netflix.discovery.DiscoveryClient    : DiscoveryClient_STUDENT-MS/DESKTOP-SOUB7FH:student-ms:0 - registration status: 204
2024-02-15T17:09:58.539-03:00  INFO 9456 --- [student-ms] [SpringApplicationShutdownHook] com.netflix.discovery.DiscoveryClient    : Unregistering ...
2024-02-15T17:09:58.832-03:00  INFO 9456 --- [student-ms] [SpringApplicationShutdownHook] com.netflix.discovery.DiscoveryClient    : DiscoveryClient_STUDENT-MS/DESKTOP-SOUB7FH:student-ms:0 - deregister  status: 200
2024-02-15T17:09:58.836-03:00  INFO 9456 --- [student-ms] [SpringApplicationShutdownHook] com.netflix.discovery.DiscoveryClient    : Completed shut down of DiscoveryClient
2024-02-15T17:50:02.676-03:00  INFO 6856 --- [student-ms] [restartedMain] com.jdev.student.StudentApplication      : Starting StudentApplication using Java 17.0.8 with PID 6856 (C:\repository\faculdade-EAD\server\student\target\classes started by Mecanografia ADM in C:\repository\faculdade-EAD\server\student)
2024-02-15T17:50:02.680-03:00  INFO 6856 --- [student-ms] [restartedMain] com.jdev.student.StudentApplication      : No active profile set, falling back to 1 default profile: "default"
2024-02-15T17:50:03.067-03:00  INFO 6856 --- [student-ms] [restartedMain] .e.DevToolsPropertyDefaultsPostProcessor : Devtools property defaults active! Set 'spring.devtools.add-properties' to 'false' to disable
2024-02-15T17:50:03.067-03:00  INFO 6856 --- [student-ms] [restartedMain] .e.DevToolsPropertyDefaultsPostProcessor : For additional web related logging consider setting the 'logging.level.web' property to 'DEBUG'
2024-02-15T17:50:07.400-03:00  INFO 6856 --- [student-ms] [restartedMain] .s.d.r.c.RepositoryConfigurationDelegate : Bootstrapping Spring Data JPA repositories in DEFAULT mode.
2024-02-15T17:50:08.014-03:00  INFO 6856 --- [student-ms] [restartedMain] .s.d.r.c.RepositoryConfigurationDelegate : Finished Spring Data repository scanning in 581 ms. Found 5 JPA repository interfaces.
2024-02-15T17:50:09.165-03:00  INFO 6856 --- [student-ms] [restartedMain] o.s.cloud.context.scope.GenericScope     : BeanFactory id=10fd6673-f28c-3e91-bd23-0af414459a7f
2024-02-15T17:50:10.355-03:00  WARN 6856 --- [student-ms] [restartedMain] trationDelegate$BeanPostProcessorChecker : Bean 'org.springframework.cloud.client.loadbalancer.LoadBalancerAutoConfiguration$LoadBalancerInterceptorConfig' of type [org.springframework.cloud.client.loadbalancer.LoadBalancerAutoConfiguration$LoadBalancerInterceptorConfig] is not eligible for getting processed by all BeanPostProcessors (for example: not eligible for auto-proxying). The currently created BeanPostProcessor [lbRestClientPostProcessor] is declared through a non-static factory method on that class; consider declaring it as static instead.
2024-02-15T17:50:10.369-03:00  WARN 6856 --- [student-ms] [restartedMain] trationDelegate$BeanPostProcessorChecker : Bean 'org.springframework.cloud.loadbalancer.config.BlockingLoadBalancerClientAutoConfiguration' of type [org.springframework.cloud.loadbalancer.config.BlockingLoadBalancerClientAutoConfiguration] is not eligible for getting processed by all BeanPostProcessors (for example: not eligible for auto-proxying). Is this bean getting eagerly injected into a currently created BeanPostProcessor [lbRestClientPostProcessor]? Check the corresponding BeanPostProcessor declaration and its dependencies.
2024-02-15T17:50:10.372-03:00  WARN 6856 --- [student-ms] [restartedMain] trationDelegate$BeanPostProcessorChecker : Bean 'org.springframework.cloud.loadbalancer.config.LoadBalancerAutoConfiguration' of type [org.springframework.cloud.loadbalancer.config.LoadBalancerAutoConfiguration] is not eligible for getting processed by all BeanPostProcessors (for example: not eligible for auto-proxying). Is this bean getting eagerly injected into a currently created BeanPostProcessor [lbRestClientPostProcessor]? Check the corresponding BeanPostProcessor declaration and its dependencies.
2024-02-15T17:50:10.435-03:00  WARN 6856 --- [student-ms] [restartedMain] trationDelegate$BeanPostProcessorChecker : Bean 'org.springframework.cloud.commons.config.CommonsConfigAutoConfiguration' of type [org.springframework.cloud.commons.config.CommonsConfigAutoConfiguration] is not eligible for getting processed by all BeanPostProcessors (for example: not eligible for auto-proxying). Is this bean getting eagerly injected into a currently created BeanPostProcessor [lbRestClientPostProcessor]? Check the corresponding BeanPostProcessor declaration and its dependencies.
2024-02-15T17:50:10.469-03:00  WARN 6856 --- [student-ms] [restartedMain] trationDelegate$BeanPostProcessorChecker : Bean 'org.springframework.cloud.client.loadbalancer.LoadBalancerDefaultMappingsProviderAutoConfiguration' of type [org.springframework.cloud.client.loadbalancer.LoadBalancerDefaultMappingsProviderAutoConfiguration] is not eligible for getting processed by all BeanPostProcessors (for example: not eligible for auto-proxying). Is this bean getting eagerly injected into a currently created BeanPostProcessor [lbRestClientPostProcessor]? Check the corresponding BeanPostProcessor declaration and its dependencies.
2024-02-15T17:50:10.470-03:00  WARN 6856 --- [student-ms] [restartedMain] trationDelegate$BeanPostProcessorChecker : Bean 'loadBalancerClientsDefaultsMappingsProvider' of type [org.springframework.cloud.client.loadbalancer.LoadBalancerDefaultMappingsProviderAutoConfiguration$$Lambda$626/0x000001b1dc4307b0] is not eligible for getting processed by all BeanPostProcessors (for example: not eligible for auto-proxying). Is this bean getting eagerly injected into a currently created BeanPostProcessor [lbRestClientPostProcessor]? Check the corresponding BeanPostProcessor declaration and its dependencies.
2024-02-15T17:50:10.476-03:00  WARN 6856 --- [student-ms] [restartedMain] trationDelegate$BeanPostProcessorChecker : Bean 'defaultsBindHandlerAdvisor' of type [org.springframework.cloud.commons.config.DefaultsBindHandlerAdvisor] is not eligible for getting processed by all BeanPostProcessors (for example: not eligible for auto-proxying). Is this bean getting eagerly injected into a currently created BeanPostProcessor [lbRestClientPostProcessor]? Check the corresponding BeanPostProcessor declaration and its dependencies.
2024-02-15T17:50:10.497-03:00  WARN 6856 --- [student-ms] [restartedMain] trationDelegate$BeanPostProcessorChecker : Bean 'spring.cloud.loadbalancer-org.springframework.cloud.client.loadbalancer.LoadBalancerClientsProperties' of type [org.springframework.cloud.client.loadbalancer.LoadBalancerClientsProperties] is not eligible for getting processed by all BeanPostProcessors (for example: not eligible for auto-proxying). Is this bean getting eagerly injected into a currently created BeanPostProcessor [lbRestClientPostProcessor]? Check the corresponding BeanPostProcessor declaration and its dependencies.
2024-02-15T17:50:10.519-03:00  WARN 6856 --- [student-ms] [restartedMain] trationDelegate$BeanPostProcessorChecker : Bean 'default.org.springframework.cloud.loadbalancer.config.LoadBalancerAutoConfiguration.LoadBalancerClientSpecification' of type [org.springframework.cloud.loadbalancer.annotation.LoadBalancerClientSpecification] is not eligible for getting processed by all BeanPostProcessors (for example: not eligible for auto-proxying). Is this bean getting eagerly injected into a currently created BeanPostProcessor [lbRestClientPostProcessor]? Check the corresponding BeanPostProcessor declaration and its dependencies.
2024-02-15T17:50:10.522-03:00  WARN 6856 --- [student-ms] [restartedMain] trationDelegate$BeanPostProcessorChecker : Bean 'default.org.springframework.cloud.loadbalancer.config.BlockingLoadBalancerClientAutoConfiguration.LoadBalancerClientSpecification' of type [org.springframework.cloud.loadbalancer.annotation.LoadBalancerClientSpecification] is not eligible for getting processed by all BeanPostProcessors (for example: not eligible for auto-proxying). Is this bean getting eagerly injected into a currently created BeanPostProcessor [lbRestClientPostProcessor]? Check the corresponding BeanPostProcessor declaration and its dependencies.
2024-02-15T17:50:10.523-03:00  WARN 6856 --- [student-ms] [restartedMain] trationDelegate$BeanPostProcessorChecker : Bean 'default.org.springframework.cloud.netflix.eureka.loadbalancer.LoadBalancerEurekaAutoConfiguration.LoadBalancerClientSpecification' of type [org.springframework.cloud.loadbalancer.annotation.LoadBalancerClientSpecification] is not eligible for getting processed by all BeanPostProcessors (for example: not eligible for auto-proxying). Is this bean getting eagerly injected into a currently created BeanPostProcessor [lbRestClientPostProcessor]? Check the corresponding BeanPostProcessor declaration and its dependencies.
2024-02-15T17:50:10.535-03:00  WARN 6856 --- [student-ms] [restartedMain] trationDelegate$BeanPostProcessorChecker : Bean 'loadBalancerClientFactory' of type [org.springframework.cloud.loadbalancer.support.LoadBalancerClientFactory] is not eligible for getting processed by all BeanPostProcessors (for example: not eligible for auto-proxying). Is this bean getting eagerly injected into a currently created BeanPostProcessor [lbRestClientPostProcessor]? Check the corresponding BeanPostProcessor declaration and its dependencies.
2024-02-15T17:50:10.599-03:00  WARN 6856 --- [student-ms] [restartedMain] trationDelegate$BeanPostProcessorChecker : Bean 'blockingLoadBalancerClient' of type [org.springframework.cloud.loadbalancer.blocking.client.BlockingLoadBalancerClient] is not eligible for getting processed by all BeanPostProcessors (for example: not eligible for auto-proxying). Is this bean getting eagerly injected into a currently created BeanPostProcessor [lbRestClientPostProcessor]? Check the corresponding BeanPostProcessor declaration and its dependencies.
2024-02-15T17:50:10.639-03:00  WARN 6856 --- [student-ms] [restartedMain] trationDelegate$BeanPostProcessorChecker : Bean 'loadBalancerServiceInstanceCookieTransformer' of type [org.springframework.cloud.loadbalancer.core.LoadBalancerServiceInstanceCookieTransformer] is not eligible for getting processed by all BeanPostProcessors (for example: not eligible for auto-proxying). Is this bean getting eagerly injected into a currently created BeanPostProcessor [lbRestClientPostProcessor]? Check the corresponding BeanPostProcessor declaration and its dependencies.
2024-02-15T17:50:10.656-03:00  WARN 6856 --- [student-ms] [restartedMain] trationDelegate$BeanPostProcessorChecker : Bean 'xForwarderHeadersTransformer' of type [org.springframework.cloud.loadbalancer.blocking.XForwardedHeadersTransformer] is not eligible for getting processed by all BeanPostProcessors (for example: not eligible for auto-proxying). Is this bean getting eagerly injected into a currently created BeanPostProcessor [lbRestClientPostProcessor]? Check the corresponding BeanPostProcessor declaration and its dependencies.
2024-02-15T17:50:10.668-03:00  WARN 6856 --- [student-ms] [restartedMain] trationDelegate$BeanPostProcessorChecker : Bean 'org.springframework.cloud.client.loadbalancer.LoadBalancerAutoConfiguration' of type [org.springframework.cloud.client.loadbalancer.LoadBalancerAutoConfiguration] is not eligible for getting processed by all BeanPostProcessors (for example: not eligible for auto-proxying). Is this bean getting eagerly injected into a currently created BeanPostProcessor [lbRestClientPostProcessor]? Check the corresponding BeanPostProcessor declaration and its dependencies.
2024-02-15T17:50:10.672-03:00  WARN 6856 --- [student-ms] [restartedMain] trationDelegate$BeanPostProcessorChecker : Bean 'loadBalancerRequestFactory' of type [org.springframework.cloud.client.loadbalancer.LoadBalancerRequestFactory] is not eligible for getting processed by all BeanPostProcessors (for example: not eligible for auto-proxying). Is this bean getting eagerly injected into a currently created BeanPostProcessor [lbRestClientPostProcessor]? Check the corresponding BeanPostProcessor declaration and its dependencies.
2024-02-15T17:50:10.677-03:00  WARN 6856 --- [student-ms] [restartedMain] trationDelegate$BeanPostProcessorChecker : Bean 'loadBalancerInterceptor' of type [org.springframework.cloud.client.loadbalancer.LoadBalancerInterceptor] is not eligible for getting processed by all BeanPostProcessors (for example: not eligible for auto-proxying). Is this bean getting eagerly injected into a currently created BeanPostProcessor [lbRestClientPostProcessor]? Check the corresponding BeanPostProcessor declaration and its dependencies.
2024-02-15T17:50:12.757-03:00  INFO 6856 --- [student-ms] [restartedMain] o.s.b.w.embedded.tomcat.TomcatWebServer  : Tomcat initialized with port 0 (http)
2024-02-15T17:50:12.789-03:00  INFO 6856 --- [student-ms] [restartedMain] o.apache.catalina.core.StandardService   : Starting service [Tomcat]
2024-02-15T17:50:12.790-03:00  INFO 6856 --- [student-ms] [restartedMain] o.apache.catalina.core.StandardEngine    : Starting Servlet engine: [Apache Tomcat/10.1.18]
2024-02-15T17:50:13.087-03:00  INFO 6856 --- [student-ms] [restartedMain] o.a.c.c.C.[Tomcat].[localhost].[/]       : Initializing Spring embedded WebApplicationContext
2024-02-15T17:50:13.088-03:00  INFO 6856 --- [student-ms] [restartedMain] w.s.c.ServletWebServerApplicationContext : Root WebApplicationContext: initialization completed in 10019 ms
2024-02-15T17:50:13.270-03:00  INFO 6856 --- [student-ms] [restartedMain] com.zaxxer.hikari.HikariDataSource       : HikariPool-1 - Starting...
2024-02-15T17:50:13.931-03:00  INFO 6856 --- [student-ms] [restartedMain] com.zaxxer.hikari.pool.HikariPool        : HikariPool-1 - Added connection conn0: url=jdbc:h2:mem:72bd9444-4969-474d-9cf6-ce0b3d002f34 user=SA
2024-02-15T17:50:13.935-03:00  INFO 6856 --- [student-ms] [restartedMain] com.zaxxer.hikari.HikariDataSource       : HikariPool-1 - Start completed.
2024-02-15T17:50:13.958-03:00  INFO 6856 --- [student-ms] [restartedMain] o.s.b.a.h2.H2ConsoleAutoConfiguration    : H2 console available at '/h2-console'. Database available at 'jdbc:h2:mem:72bd9444-4969-474d-9cf6-ce0b3d002f34'
2024-02-15T17:50:14.616-03:00  INFO 6856 --- [student-ms] [restartedMain] o.hibernate.jpa.internal.util.LogHelper  : HHH000204: Processing PersistenceUnitInfo [name: default]
2024-02-15T17:50:14.926-03:00  INFO 6856 --- [student-ms] [restartedMain] org.hibernate.Version                    : HHH000412: Hibernate ORM core version 6.4.1.Final
2024-02-15T17:50:15.289-03:00  INFO 6856 --- [student-ms] [restartedMain] o.h.c.internal.RegionFactoryInitiator    : HHH000026: Second-level cache disabled
2024-02-15T17:50:16.069-03:00  INFO 6856 --- [student-ms] [restartedMain] o.s.o.j.p.SpringPersistenceUnitInfo      : No LoadTimeWeaver setup: ignoring JPA class transformer
2024-02-15T17:50:19.004-03:00  INFO 6856 --- [student-ms] [restartedMain] o.h.e.t.j.p.i.JtaPlatformInitiator       : HHH000489: No JTA platform available (set 'hibernate.transaction.jta.platform' to enable JTA platform integration)
2024-02-15T17:50:19.127-03:00  INFO 6856 --- [student-ms] [restartedMain] j.LocalContainerEntityManagerFactoryBean : Initialized JPA EntityManagerFactory for persistence unit 'default'
2024-02-15T17:50:21.209-03:00  WARN 6856 --- [student-ms] [restartedMain] JpaBaseConfiguration$JpaWebConfiguration : spring.jpa.open-in-view is enabled by default. Therefore, database queries may be performed during view rendering. Explicitly configure spring.jpa.open-in-view to disable this warning
2024-02-15T17:50:23.292-03:00  INFO 6856 --- [student-ms] [restartedMain] o.s.b.d.a.OptionalLiveReloadServer       : LiveReload server is running on port 35729
2024-02-15T17:50:23.675-03:00  INFO 6856 --- [student-ms] [restartedMain] DiscoveryClientOptionalArgsConfiguration : Eureka HTTP Client uses RestTemplate.
2024-02-15T17:50:24.059-03:00  WARN 6856 --- [student-ms] [restartedMain] iguration$LoadBalancerCaffeineWarnLogger : Spring Cloud LoadBalancer is currently working with the default cache. While this cache implementation is useful for development and tests, it's recommended to use Caffeine cache in production.You can switch to using Caffeine cache, by adding it and org.springframework.cache.caffeine.CaffeineCacheManager to the classpath.
2024-02-15T17:50:24.226-03:00  INFO 6856 --- [student-ms] [restartedMain] o.s.b.w.embedded.tomcat.TomcatWebServer  : Tomcat started on port 57277 (http) with context path ''
2024-02-15T17:50:24.229-03:00  INFO 6856 --- [student-ms] [restartedMain] .s.c.n.e.s.EurekaAutoServiceRegistration : Updating port to 57277
2024-02-15T17:50:24.277-03:00  INFO 6856 --- [student-ms] [restartedMain] o.s.c.n.eureka.InstanceInfoFactory       : Setting initial instance status as: STARTING
2024-02-15T17:50:24.532-03:00  INFO 6856 --- [student-ms] [restartedMain] com.netflix.discovery.DiscoveryClient    : Initializing Eureka in region us-east-1
2024-02-15T17:50:24.560-03:00  INFO 6856 --- [student-ms] [restartedMain] c.n.d.s.r.aws.ConfigClusterResolver      : Resolving eureka endpoints via configuration
2024-02-15T17:50:24.608-03:00  INFO 6856 --- [student-ms] [restartedMain] com.netflix.discovery.DiscoveryClient    : Disable delta property : false
2024-02-15T17:50:24.609-03:00  INFO 6856 --- [student-ms] [restartedMain] com.netflix.discovery.DiscoveryClient    : Single vip registry refresh property : null
2024-02-15T17:50:24.609-03:00  INFO 6856 --- [student-ms] [restartedMain] com.netflix.discovery.DiscoveryClient    : Force full registry fetch : false
2024-02-15T17:50:24.609-03:00  INFO 6856 --- [student-ms] [restartedMain] com.netflix.discovery.DiscoveryClient    : Application is null : false
2024-02-15T17:50:24.609-03:00  INFO 6856 --- [student-ms] [restartedMain] com.netflix.discovery.DiscoveryClient    : Registered Applications size is zero : true
2024-02-15T17:50:24.609-03:00  INFO 6856 --- [student-ms] [restartedMain] com.netflix.discovery.DiscoveryClient    : Application version is -1: true
2024-02-15T17:50:24.609-03:00  INFO 6856 --- [student-ms] [restartedMain] com.netflix.discovery.DiscoveryClient    : Getting all instance registry info from the eureka server
2024-02-15T17:50:25.596-03:00  INFO 6856 --- [student-ms] [restartedMain] com.netflix.discovery.DiscoveryClient    : The response status is 200
2024-02-15T17:50:25.600-03:00  INFO 6856 --- [student-ms] [restartedMain] com.netflix.discovery.DiscoveryClient    : Starting heartbeat executor: renew interval is: 30
2024-02-15T17:50:25.607-03:00  INFO 6856 --- [student-ms] [restartedMain] c.n.discovery.InstanceInfoReplicator     : InstanceInfoReplicator onDemand update allowed rate per min is 4
2024-02-15T17:50:25.614-03:00  INFO 6856 --- [student-ms] [restartedMain] com.netflix.discovery.DiscoveryClient    : Discovery Client initialized at timestamp 1708030225613 with initial instances count: 1
2024-02-15T17:50:25.620-03:00  INFO 6856 --- [student-ms] [restartedMain] o.s.c.n.e.s.EurekaServiceRegistry        : Registering application STUDENT-MS with eureka with status UP
2024-02-15T17:50:25.623-03:00  INFO 6856 --- [student-ms] [restartedMain] com.netflix.discovery.DiscoveryClient    : Saw local status change event StatusChangeEvent [timestamp=1708030225623, current=UP, previous=STARTING]
2024-02-15T17:50:25.626-03:00  INFO 6856 --- [student-ms] [DiscoveryClient-InstanceInfoReplicator-0] com.netflix.discovery.DiscoveryClient    : DiscoveryClient_STUDENT-MS/DESKTOP-SOUB7FH:student-ms:0: registering service...
2024-02-15T17:50:25.968-03:00  INFO 6856 --- [student-ms] [DiscoveryClient-InstanceInfoReplicator-0] com.netflix.discovery.DiscoveryClient    : DiscoveryClient_STUDENT-MS/DESKTOP-SOUB7FH:student-ms:0 - registration status: 204
2024-02-15T17:50:26.027-03:00  INFO 6856 --- [student-ms] [restartedMain] com.jdev.student.StudentApplication      : Started StudentApplication in 25.23 seconds (process running for 26.146)
2024-02-15T17:51:30.547-03:00  INFO 6856 --- [student-ms] [http-nio-auto-1-exec-1] o.a.c.c.C.[Tomcat].[localhost].[/]       : Initializing Spring DispatcherServlet 'dispatcherServlet'
2024-02-15T17:51:30.556-03:00  INFO 6856 --- [student-ms] [http-nio-auto-1-exec-1] o.s.web.servlet.DispatcherServlet        : Initializing Servlet 'dispatcherServlet'
2024-02-15T17:51:30.559-03:00  INFO 6856 --- [student-ms] [http-nio-auto-1-exec-1] o.s.web.servlet.DispatcherServlet        : Completed initialization in 3 ms
2024-02-15T17:52:09.352-03:00  INFO 6856 --- [student-ms] [SpringApplicationShutdownHook] o.s.c.n.e.s.EurekaServiceRegistry        : Unregistering application STUDENT-MS with eureka with status DOWN
2024-02-15T17:52:09.353-03:00  INFO 6856 --- [student-ms] [SpringApplicationShutdownHook] com.netflix.discovery.DiscoveryClient    : Saw local status change event StatusChangeEvent [timestamp=1708030329353, current=DOWN, previous=UP]
2024-02-15T17:52:09.353-03:00  INFO 6856 --- [student-ms] [DiscoveryClient-InstanceInfoReplicator-0] com.netflix.discovery.DiscoveryClient    : DiscoveryClient_STUDENT-MS/DESKTOP-SOUB7FH:student-ms:0: registering service...
2024-02-15T17:52:09.397-03:00  INFO 6856 --- [student-ms] [SpringApplicationShutdownHook] j.LocalContainerEntityManagerFactoryBean : Closing JPA EntityManagerFactory for persistence unit 'default'
2024-02-15T17:52:09.469-03:00  WARN 6856 --- [student-ms] [SpringApplicationShutdownHook] o.s.b.f.support.DisposableBeanAdapter    : Invocation of destroy method failed on bean with name 'inMemoryDatabaseShutdownExecutor': org.h2.jdbc.JdbcSQLNonTransientConnectionException: Database is already closed (to disable automatic closing at VM shutdown, add ";DB_CLOSE_ON_EXIT=FALSE" to the db URL) [90121-224]
2024-02-15T17:52:09.470-03:00  INFO 6856 --- [student-ms] [SpringApplicationShutdownHook] com.zaxxer.hikari.HikariDataSource       : HikariPool-1 - Shutdown initiated...
2024-02-15T17:52:09.472-03:00  INFO 6856 --- [student-ms] [SpringApplicationShutdownHook] com.zaxxer.hikari.HikariDataSource       : HikariPool-1 - Shutdown completed.
2024-02-15T17:52:09.473-03:00  INFO 6856 --- [student-ms] [SpringApplicationShutdownHook] com.netflix.discovery.DiscoveryClient    : Shutting down DiscoveryClient ...
2024-02-15T17:52:09.570-03:00  INFO 6856 --- [student-ms] [DiscoveryClient-InstanceInfoReplicator-0] com.netflix.discovery.DiscoveryClient    : DiscoveryClient_STUDENT-MS/DESKTOP-SOUB7FH:student-ms:0 - registration status: 204
2024-02-15T17:52:09.582-03:00  INFO 6856 --- [student-ms] [SpringApplicationShutdownHook] com.netflix.discovery.DiscoveryClient    : Unregistering ...
2024-02-15T17:52:09.721-03:00  INFO 6856 --- [student-ms] [SpringApplicationShutdownHook] com.netflix.discovery.DiscoveryClient    : DiscoveryClient_STUDENT-MS/DESKTOP-SOUB7FH:student-ms:0 - deregister  status: 200
2024-02-15T17:52:09.725-03:00  INFO 6856 --- [student-ms] [SpringApplicationShutdownHook] com.netflix.discovery.DiscoveryClient    : Completed shut down of DiscoveryClient
